\BOOKMARK [0][-]{chapter*.1}{Acknowledgments}{}% 1
\BOOKMARK [0][-]{chapter*.2}{Abstract}{}% 2
\BOOKMARK [0][-]{tocmark.0}{Contents}{}% 3
\BOOKMARK [0][-]{chapter.1}{Introduction}{}% 4
\BOOKMARK [1][-]{section.1.1}{Thesis Statement}{chapter.1}% 5
\BOOKMARK [1][-]{section.1.2}{Introduction}{chapter.1}% 6
\BOOKMARK [1][-]{section.1.3}{Thesis Outline}{chapter.1}% 7
\BOOKMARK [1][-]{section.1.4}{Datasets}{chapter.1}% 8
\BOOKMARK [1][-]{section.1.5}{Notes}{chapter.1}% 9
\BOOKMARK [0][-]{chapter.2}{Background and Related Work}{}% 10
\BOOKMARK [1][-]{section.2.1}{Motivation}{chapter.2}% 11
\BOOKMARK [1][-]{section.2.2}{Compositional Data}{chapter.2}% 12
\BOOKMARK [2][-]{subsection.2.2.1}{Definition}{section.2.2}% 13
\BOOKMARK [2][-]{subsection.2.2.2}{Example: RGB and the 2D simplex}{section.2.2}% 14
\BOOKMARK [2][-]{subsection.2.2.3}{Compositional Data Analysis \(CoDA\)}{section.2.2}% 15
\BOOKMARK [1][-]{section.2.3}{Optimisation}{chapter.2}% 16
\BOOKMARK [1][-]{section.2.4}{Dimensionality Reduction}{chapter.2}% 17
\BOOKMARK [2][-]{subsection.2.4.1}{Principal Component Analysis \(PCA\)}{section.2.4}% 18
\BOOKMARK [2][-]{subsection.2.4.2}{Exponential Family PCA}{section.2.4}% 19
\BOOKMARK [2][-]{subsection.2.4.3}{CoDA-PCA}{section.2.4}% 20
\BOOKMARK [1][-]{section.2.5}{Supervised Learning}{chapter.2}% 21
\BOOKMARK [2][-]{subsection.2.5.1}{Regression}{section.2.5}% 22
\BOOKMARK [3][-]{subsubsection.2.5.1.1}{Definition}{subsection.2.5.1}% 23
\BOOKMARK [3][-]{subsubsection.2.5.1.2}{Optimal Parameters}{subsection.2.5.1}% 24
\BOOKMARK [3][-]{subsubsection.2.5.1.3}{Regression Example: }{subsection.2.5.1}% 25
\BOOKMARK [3][-]{subsubsection.2.5.1.4}{Principal Component Regression}{subsection.2.5.1}% 26
\BOOKMARK [2][-]{subsection.2.5.2}{Classification}{section.2.5}% 27
\BOOKMARK [3][-]{subsubsection.2.5.2.1}{Definition}{subsection.2.5.2}% 28
\BOOKMARK [3][-]{subsubsection.2.5.2.2}{Multi class Logistic Regression}{subsection.2.5.2}% 29
\BOOKMARK [3][-]{subsubsection.2.5.2.3}{Negative Log Likelihood}{subsection.2.5.2}% 30
\BOOKMARK [1][-]{section.2.6}{Microbiome}{chapter.2}% 31
\BOOKMARK [2][-]{subsection.2.6.1}{Genomics and Gene Sequencing}{section.2.6}% 32
\BOOKMARK [3][-]{subsubsection.2.6.1.1}{16S Sequencing}{subsection.2.6.1}% 33
\BOOKMARK [3][-]{subsubsection.2.6.1.2}{Metagenomic Sequencing}{subsection.2.6.1}% 34
\BOOKMARK [2][-]{subsection.2.6.2}{Reconstruction Error}{section.2.6}% 35
\BOOKMARK [1][-]{section.2.7}{Related work}{chapter.2}% 36
\BOOKMARK [1][-]{section.2.8}{Summary}{chapter.2}% 37
\BOOKMARK [0][-]{chapter.3}{Design and Implementation}{}% 38
\BOOKMARK [1][-]{section.3.1}{Model Overview}{chapter.3}% 39
\BOOKMARK [1][-]{section.3.2}{End to End Loss}{chapter.3}% 40
\BOOKMARK [2][-]{subsection.3.2.1}{CoDA-Regress}{section.3.2}% 41
\BOOKMARK [2][-]{subsection.3.2.2}{CoDA-Cl}{section.3.2}% 42
\BOOKMARK [1][-]{section.3.3}{Model Architecture}{chapter.3}% 43
\BOOKMARK [1][-]{section.3.4}{Implementation}{chapter.3}% 44
\BOOKMARK [2][-]{subsection.3.4.1}{CoDA-PCA Package}{section.3.4}% 45
\BOOKMARK [1][-]{section.3.5}{Summary}{chapter.3}% 46
\BOOKMARK [0][-]{chapter.4}{Experimental Methodology}{}% 47
\BOOKMARK [1][-]{subsection.4.0.1}{Experiments}{chapter.4}% 48
\BOOKMARK [2][-]{subsubsection.4.0.1.1}{Model Evaluation}{subsection.4.0.1}% 49
\BOOKMARK [2][-]{subsection.4.0.2}{Data Sources}{subsection.4.0.1}% 50
\BOOKMARK [3][-]{subsubsection.4.0.2.1}{Aitchinson Data}{subsection.4.0.2}% 51
\BOOKMARK [3][-]{subsubsection.4.0.2.2}{Metagenome Data}{subsection.4.0.2}% 52
\BOOKMARK [3][-]{subsubsection.4.0.2.3}{Additional Microbiome Data}{subsection.4.0.2}% 53
\BOOKMARK [2][-]{subsection.4.0.3}{Model Tuning}{subsection.4.0.1}% 54
\BOOKMARK [3][-]{subsubsection.4.0.3.1}{Early Stopping}{subsection.4.0.3}% 55
\BOOKMARK [3][-]{subsubsection.4.0.3.2}{Numerical Stability}{subsection.4.0.3}% 56
\BOOKMARK [0][-]{chapter.5}{Results}{}% 57
\BOOKMARK [1][-]{section.5.1}{Toy Example: Gaussian data}{chapter.5}% 58
\BOOKMARK [2][-]{subsection.5.1.1}{Hyperparameter Grid Search}{section.5.1}% 59
\BOOKMARK [1][-]{section.5.2}{CoDA-PCA Microbiome data}{chapter.5}% 60
\BOOKMARK [1][-]{section.5.3}{RUG}{chapter.5}% 61
\BOOKMARK [1][-]{section.5.4}{Summary}{chapter.5}% 62
\BOOKMARK [0][-]{chapter.6}{Conclusion}{}% 63
\BOOKMARK [1][-]{section.6.1}{Future Work}{chapter.6}% 64
